1558942226804	mozrunner::runner	INFO	Running command: "C:\\Program Files\\Firefox Nightly\\firefox.exe" "-marionette" "-headless" "-foreground" "-no-remote" "-profile" "C:\\Users\\javig\\AppData\\Local\\Temp\\rust_mozprofile.7ct12hlfTiFD"
*** You are running in headless mode.
1558942258655	mozrunner::runner	INFO	Running command: "C:\\Program Files\\Firefox Nightly\\firefox.exe" "-marionette" "-headless" "-foreground" "-no-remote" "-profile" "C:\\Users\\javig\\AppData\\Local\\Temp\\rust_mozprofile.Qlfo2CnaQ9EP"
*** You are running in headless mode.
1558942259695	addons.webextension.screenshots@mozilla.org	WARN	Loading extension 'screenshots@mozilla.org': Reading manifest: Invalid extension permission: mozillaAddons
1558942259721	addons.webextension.screenshots@mozilla.org	WARN	Loading extension 'screenshots@mozilla.org': Reading manifest: Invalid extension permission: telemetry
1558942259721	addons.webextension.screenshots@mozilla.org	WARN	Loading extension 'screenshots@mozilla.org': Reading manifest: Invalid extension permission: resource://pdf.js/
1558942259721	addons.webextension.screenshots@mozilla.org	WARN	Loading extension 'screenshots@mozilla.org': Reading manifest: Invalid extension permission: about:reader*
1558942263035	Marionette	INFO	Listening on port 55418
1558942263395	Marionette	WARN	TLS certificate errors will be ignored for this session
console.info: services.settings: Initialize Remote Settings
1558942284498	Marionette	INFO	Stopped listening on port 55418
[Parent 14988, Gecko_IOThread] WARNING: pipe error: 109: file z:/task_1558905940/build/src/ipc/chromium/src/chrome/common/ipc_channel_win.cc, line 341
[Parent 14988, Gecko_IOThread] WARNING: pipe error: 109: file z:/task_1558905940/build/src/ipc/chromium/src/chrome/common/ipc_channel_win.cc, line 341
[Child 13560, Chrome_ChildThread] WARNING: pipe error: 109: file z:/task_1558905940/build/src/ipc/chromium/src/chrome/common/ipc_channel_win.cc, line 341
[Child 13560, Chrome_ChildThre[Child 9808, Chrome_ChildThread] WARNING: pipe error: 109: file z:/task_1558905940/build/src/ipc/chromium/src/chrome/common/ipc_channel_win.cc, line 341
[Child 9808, Ch[Parent 14988, Gecko_IOThread] WARNING: pipe error: 109: file z:/task_1558905940/build/src/ipc/chromium/src/chrome/common/ipc_channel_win.cc, line 341
[Child 6508, Chrome_ChildThread] WARNING: pipe error: 109: file z:/task_1558905940/build/src/ipc/chromium/src/chrome/common/ipc_channel_win.cc, line 341
[Child 6508, Chrome[Parent 14988, Gecko_IOThread] WARNING: file z:/task_1558905940/build/src/ipc/chromium/src/base/process_util_win.cc, line 160
1558942296294	mozrunner::runner	INFO	Running command: "C:\\Program Files\\Firefox Nightly\\firefox.exe" "-marionette" "-headless" "-foreground" "-no-remote" "-profile" "C:\\Users\\javig\\AppData\\Local\\Temp\\rust_mozprofile.yH6WIAtSsy4P"
*** You are running in headless mode.
1558942297167	addons.webextension.screenshots@mozilla.org	WARN	Loading extension 'screenshots@mozilla.org': Reading manifest: Invalid extension permission: mozillaAddons
1558942297167	addons.webextension.screenshots@mozilla.org	WARN	Loading extension 'screenshots@mozilla.org': Reading manifest: Invalid extension permission: telemetry
1558942297167	addons.webextension.screenshots@mozilla.org	WARN	Loading extension 'screenshots@mozilla.org': Reading manifest: Invalid extension permission: resource://pdf.js/
1558942297167	addons.webextension.screenshots@mozilla.org	WARN	Loading extension 'screenshots@mozilla.org': Reading manifest: Invalid extension permission: about:reader*
1558942300080	Marionette	INFO	Listening on port 55484
1558942300110	Marionette	WARN	TLS certificate errors will be ignored for this session
console.info: services.settings: Initialize Remote Settings
1558942322042	Marionette	INFO	Stopped listening on port 55484
[Child 6356, Chrome_ChildThread] WARNING: pipe error: 109: file z:/task_1558905940/build/src/ipc/chromium/src/chrome/common/ipc_channel_win.cc, line 341
[Child 6356, C[Parent 2852, Gecko_IOThread] WARNING: pipe error: 109: file z:/task_1558905940/build/src/ipc/chromium/src/chrome/common/ipc_channel_win.cc, line 341
[Child 13424, Chrome_ChildThread] WARNING: pipe error: 109: file z:/task_1558905940/build/src/ipc/chromium/src/chrome/common/ipc_channel_win.cc, line 341
[Child 13424, Chrome_ChildThread] WA[Parent 2852, Gecko_IOThread] WARNING: pipe error: 109: file z:/task_1558905940/build/src/ipc/chromium/src/chrome/common/ipc_channel_win.cc, line 341
[Child 12052, Chrome_ChildThread] WARNING: pipe error: 109: file z:/task_1558905940/build/src/ipc/chromium/src/chrome/common/ipc_channel_win.cc, line 341
[Child 12052, Chrome_[Parent 2852, Gecko_IOThread] WARNING: file z:/task_1558905940/build/src/ipc/chromium/src/base/process_util_win.cc, line 160
1558942331991	mozrunner::runner	INFO	Running command: "C:\\Program Files\\Firefox Nightly\\firefox.exe" "-marionette" "-headless" "-foreground" "-no-remote" "-profile" "C:\\Users\\javig\\AppData\\Local\\Temp\\rust_mozprofile.bJEB8qgJlQQs"
*** You are running in headless mode.
1558942332698	addons.webextension.screenshots@mozilla.org	WARN	Loading extension 'screenshots@mozilla.org': Reading manifest: Invalid extension permission: mozillaAddons
1558942332698	addons.webextension.screenshots@mozilla.org	WARN	Loading extension 'screenshots@mozilla.org': Reading manifest: Invalid extension permission: telemetry
1558942332698	addons.webextension.screenshots@mozilla.org	WARN	Loading extension 'screenshots@mozilla.org': Reading manifest: Invalid extension permission: resource://pdf.js/
1558942332698	addons.webextension.screenshots@mozilla.org	WARN	Loading extension 'screenshots@mozilla.org': Reading manifest: Invalid extension permission: about:reader*
1558942335408	Marionette	INFO	Listening on port 55544
1558942335810	Marionette	WARN	TLS certificate errors will be ignored for this session
console.info: services.settings: Initialize Remote Settings
1558942355707	Marionette	INFO	Stopped listening on port 55544
[Parent 9952, Gecko_IOThread] WARNING: pipe error: 109: file z:/task_1558905940/build/src/ipc/chromium/src/chrome/common/ipc_channel_win.cc, line 341
[Child 11144, Chrome_ChildThread] WARNING: pipe error: 109: file z:/task_1558905940/build/src/ipc/chromium/src/chrome/common/ipc_channel_win.cc, line 341
[Child 11144, Chr[Parent 9952, Gecko_IOThread] WARNING: pipe error: 109: file z:/task_1558905940/build/src/ipc/chromium/src/chrome/common/ipc_channel_win.cc, line 341
[Child 10772, Chrome_ChildThread] WARNING: pipe error: 109: file z:/task_1558905940/build/src/ipc/chromium/src/chrome/common/ipc_channel_win.cc, line 341
[Child 10772, Chrome_ChildThread] WARN[Parent 9952, Gecko_IOThread] WARNING: pipe error: 109: file z:/task_1558905940/build/src/ipc/chromium/src/chrome/common/ipc_channel_win.cc, line 341
[Child 8348, Chrome_ChildThread] WARNING: pipe error: 109: file z:/task_1558905940/build/src/ipc/chromium/src/chrome/common/ipc_channel_win.cc, line 341
[Child 8348, Chrome_Chi[Parent 9952, Gecko_IOThread] WARNING: file z:/task_1558905940/build/src/ipc/chromium/src/base/process_util_win.cc, line 160
1559031342735	mozrunner::runner	INFO	Running command: "C:\\Program Files\\Firefox Nightly\\firefox.exe" "-marionette" "-headless" "-foreground" "-no-remote" "-profile" "C:\\Users\\javig\\AppData\\Local\\Temp\\rust_mozprofile.4BlyNmyJy8BI"
*** You are running in headless mode.
1559031346357	addons.webextension.screenshots@mozilla.org	WARN	Loading extension 'screenshots@mozilla.org': Reading manifest: Invalid extension permission: mozillaAddons
1559031346357	addons.webextension.screenshots@mozilla.org	WARN	Loading extension 'screenshots@mozilla.org': Reading manifest: Invalid extension permission: telemetry
1559031346359	addons.webextension.screenshots@mozilla.org	WARN	Loading extension 'screenshots@mozilla.org': Reading manifest: Invalid extension permission: resource://pdf.js/
1559031346359	addons.webextension.screenshots@mozilla.org	WARN	Loading extension 'screenshots@mozilla.org': Reading manifest: Invalid extension permission: about:reader*
console.error: "Could not write session state file " (new Error("_initWorker called too early! Please read the session file from disk first.", "resource:///modules/sessionstore/SessionFile.jsm", 334)) "_initWorker/<@resource:///modules/sessionstore/SessionFile.jsm:334:15\n_initWorker@resource:///modules/sessionstore/SessionFile.jsm:327:12\n_postToWorker@resource:///modules/sessionstore/SessionFile.jsm:351:16\nwrite@resource:///modules/sessionstore/SessionFile.jsm:390:24\nwrite@resource:///modules/sessionstore/SessionFile.jsm:63:32\n_writeState@resource:///modules/sessionstore/SessionSaver.jsm:354:24\n_saveState@resource:///modules/sessionstore/SessionSaver.jsm:292:17\n_saveStateAsync@resource:///modules/sessionstore/SessionSaver.jsm:338:10\nsaveStateAsyncWhenIdle@resource:///modules/sessionstore/SessionSaver.jsm:189:14\ncallback@resource://gre/modules/Timer.jsm:100:7\nChromeUtils::IdleDispatch handler*requestIdleCallback@resource://gre/modules/Timer.jsm:104:15\nrunDelayed/this._timeoutID<@resource:///modules/sessionstore/SessionSaver.jsm:192:30\nnotify@resource://gre/modules/Timer.jsm:43:17\n"
1559031356553	Marionette	INFO	Listening on port 64437
1559031357394	Marionette	WARN	TLS certificate errors will be ignored for this session
console.info: services.settings: Initialize Remote Settings
console.info: services.settings: Push notification received (version="1558976967835" phase=register)
console.info: services.settings: Start polling for changes
console.error: BroadcastService: 
  receivedBroadcastMessage: handler for
  remote-settings/monitor_changes
  threw error:
  Message: Error: Polling for changes failed: http://%(server)s/dummy/blocklist//buckets/monitor/collections/changes/records?_expected=%221558976967835%22 is not a valid URL..
  Stack:
    remoteSettingsFunction/remoteSettings.pollChanges@resource://services-settings/remote-settings.js:205:13
async*receivedBroadcastMessage@resource://services-settings/remote-settings.js:361:27
receivedBroadcastMessage@resource://gre/modules/PushBroadcastService.jsm:208:23
async*receivedBroadcastMessage@resource://gre/modules/PushService.jsm:741:26
_handleBroadcastReply@resource://gre/modules/PushServiceWebSocket.jsm:775:27
_wsOnMessageAvailable@resource://gre/modules/PushServiceWebSocket.jsm:1066:18
onMessageAvailable@resource://gre/modules/PushServiceWebSocket.jsm:100:23

1559031387709	Marionette	INFO	Stopped listening on port 64437
[Parent 13340, Gecko_IOThread] WARNING: pipe error: 109: file z:/task_1558989837/build/src/ipc/chromium/src/chrome/common/ipc_channel_win.cc, line 341
[Child 4316, Chrome_ChildThread] WARNING: pipe error: 109: file z:/task_1558989837/build/src/ipc/chromium/src/chrome/common/ipc_channel_win.cc, line 341
[Child 4316, Chrome_[Child 12472, Chrome_ChildThread] WARNING: pipe error: 109: file z:/task_1558989837/build/src/ipc/chromium/src/chrome/common/ipc_channel_win.cc, line 341
[Child 12472, Chrome_ChildThread] W[Parent 13340, Gecko_IOThread] WARNING: pipe error: 109: file z:/task_1558989837/build/src/ipc/chromium/src/chrome/common/ipc_channel_win.cc, line 341
[Child 7712, Chrome_ChildThread] WARNING: pipe error: 109: file z:/task_1558989837/build/src/ipc/chromium/src/chrome/common/ipc_channel_win.cc, line 341
[Child 7712, Chrome_ChildT[Parent 13340, Gecko_IOThread] WARNING: file z:/task_1558989837/build/src/ipc/chromium/src/base/process_util_win.cc, line 160
1559031405084	mozrunner::runner	INFO	Running command: "C:\\Program Files\\Firefox Nightly\\firefox.exe" "-marionette" "-headless" "-foreground" "-no-remote" "-profile" "C:\\Users\\javig\\AppData\\Local\\Temp\\rust_mozprofile.Hgz0FMAZ31ZT"
*** You are running in headless mode.
1559031406552	addons.webextension.screenshots@mozilla.org	WARN	Loading extension 'screenshots@mozilla.org': Reading manifest: Invalid extension permission: mozillaAddons
1559031406553	addons.webextension.screenshots@mozilla.org	WARN	Loading extension 'screenshots@mozilla.org': Reading manifest: Invalid extension permission: telemetry
1559031406553	addons.webextension.screenshots@mozilla.org	WARN	Loading extension 'screenshots@mozilla.org': Reading manifest: Invalid extension permission: resource://pdf.js/
1559031406553	addons.webextension.screenshots@mozilla.org	WARN	Loading extension 'screenshots@mozilla.org': Reading manifest: Invalid extension permission: about:reader*
1559031410625	Marionette	INFO	Listening on port 64538
1559031411125	Marionette	WARN	TLS certificate errors will be ignored for this session
console.info: services.settings: Initialize Remote Settings
console.info: services.settings: Push notification received (version="1558976967835" phase=register)
console.info: services.settings: Start polling for changes
console.error: BroadcastService: 
  receivedBroadcastMessage: handler for
  remote-settings/monitor_changes
  threw error:
  Message: Error: Polling for changes failed: http://%(server)s/dummy/blocklist//buckets/monitor/collections/changes/records?_expected=%221558976967835%22 is not a valid URL..
  Stack:
    remoteSettingsFunction/remoteSettings.pollChanges@resource://services-settings/remote-settings.js:205:13
async*receivedBroadcastMessage@resource://services-settings/remote-settings.js:361:27
receivedBroadcastMessage@resource://gre/modules/PushBroadcastService.jsm:208:23
async*receivedBroadcastMessage@resource://gre/modules/PushService.jsm:741:26
_handleBroadcastReply@resource://gre/modules/PushServiceWebSocket.jsm:775:27
_wsOnMessageAvailable@resource://gre/modules/PushServiceWebSocket.jsm:1066:18
onMessageAvailable@resource://gre/modules/PushServiceWebSocket.jsm:100:23

1559031435585	Marionette	INFO	Stopped listening on port 64538
[Parent 2960, Gecko_IOThread] WARNING: pipe error: 109: file z:/task_1558989837/build/src/ipc/chromium/src/chrome/common/ipc_channel_win.cc, line 341
[Child 8912, Chrome_ChildThread] WARNING: pipe error: 109: file z:/task_1558989837/build/src/ipc/chromium/src/chrome/common/ipc_channel_win.cc, line 341
[Child 8912, Chrome_ChildThread] [Parent 2960, Gecko_IOThread] WARNING: pipe error: 109: file z:/task_1558989837/build/src/ipc/chromium/src/chrome/common/ipc_channel_win.cc, line 341
[Child 4752, Chrome_ChildThread] WARNING: pipe error: 109: file z:/task_1558989837/build/src/ipc/chromium/src/chrome/common/ipc_channel_win.cc, line 341
[Child 4752, Ch[Parent 2960, Gecko_IOThread] WARNING: pipe error: 109: file z:/task_1558989837/build/src/ipc/chromium/src/chrome/common/ipc_channel_win.cc, line 341
[Child 12256, Chrome_ChildThread] WARNING: pipe error: 109: file z:/task_1558989837/build/src/ipc/chromium/src/chrome/common/ipc_channel_win.cc, line 341
[Child 12256, Chrom[Parent 2960, Gecko_IOThread] WARNING: file z:/task_1558989837/build/src/ipc/chromium/src/base/process_util_win.cc, line 160
1559031447603	mozrunner::runner	INFO	Running command: "C:\\Program Files\\Firefox Nightly\\firefox.exe" "-marionette" "-headless" "-foreground" "-no-remote" "-profile" "C:\\Users\\javig\\AppData\\Local\\Temp\\rust_mozprofile.WItT2R3GYo19"
*** You are running in headless mode.
1559031449194	addons.webextension.screenshots@mozilla.org	WARN	Loading extension 'screenshots@mozilla.org': Reading manifest: Invalid extension permission: mozillaAddons
1559031449194	addons.webextension.screenshots@mozilla.org	WARN	Loading extension 'screenshots@mozilla.org': Reading manifest: Invalid extension permission: telemetry
1559031449195	addons.webextension.screenshots@mozilla.org	WARN	Loading extension 'screenshots@mozilla.org': Reading manifest: Invalid extension permission: resource://pdf.js/
1559031449195	addons.webextension.screenshots@mozilla.org	WARN	Loading extension 'screenshots@mozilla.org': Reading manifest: Invalid extension permission: about:reader*
1559031454075	Marionette	INFO	Listening on port 64633
1559031454198	Marionette	WARN	TLS certificate errors will be ignored for this session
console.info: services.settings: Initialize Remote Settings
console.info: services.settings: Push notification received (version="1558976967835" phase=register)
console.info: services.settings: Start polling for changes
console.error: BroadcastService: 
  receivedBroadcastMessage: handler for
  remote-settings/monitor_changes
  threw error:
  Message: Error: Polling for changes failed: http://%(server)s/dummy/blocklist//buckets/monitor/collections/changes/records?_expected=%221558976967835%22 is not a valid URL..
  Stack:
    remoteSettingsFunction/remoteSettings.pollChanges@resource://services-settings/remote-settings.js:205:13
async*receivedBroadcastMessage@resource://services-settings/remote-settings.js:361:27
receivedBroadcastMessage@resource://gre/modules/PushBroadcastService.jsm:208:23
async*receivedBroadcastMessage@resource://gre/modules/PushService.jsm:741:26
_handleBroadcastReply@resource://gre/modules/PushServiceWebSocket.jsm:775:27
_wsOnMessageAvailable@resource://gre/modules/PushServiceWebSocket.jsm:1066:18
onMessageAvailable@resource://gre/modules/PushServiceWebSocket.jsm:100:23

1559031479302	Marionette	INFO	Stopped listening on port 64633
[Parent 14080, Gecko_IOThread] WARNING: pipe error: 109: file z:/task_1558989837/build/src/ipc/chromium/src/chrome/common/ipc_channel_win.cc, line 341
[Child 7244, Chrome_ChildThread] WARNING: pipe error: 109: file z:/task_1558989837/build/src/ipc/chromium/src/chrome/common/ipc_channel_win.cc, line 341
[Child 7244[Parent 14080, Gecko_IOThread] WARNING: pipe error: 109: file z:/task_1558989837/build/src/ipc/chromium/src/chrome/common/ipc_channel_win.cc, line 341
[Child 9052, Chrome_ChildThread] WARNING: pipe error: 109: file z:/task_1558989837/build/src/ipc/chromium/src/chrome/common/ipc_channel_win.cc, line 341
[Child 9052, Chrome[Parent 14080, Gecko_IOThread] WARNING: pipe error: 109: file z:/task_1558989837/build/src/ipc/chromium/src/chrome/common/ipc_channel_win.cc, line 341
[Child 260, Chrome_ChildThread] WARNING: pipe error: 109: file z:/task_1558989837/build/src/ipc/chromium/src/chrome/common/ipc_channel_win.cc, line 341
[Child 260, Chr[Parent 14080, Gecko_IOThread] WARNING: file z:/task_1558989837/build/src/ipc/chromium/src/base/process_util_win.cc, line 160
